<?xml version="1.0" encoding="utf-8"?><testsuites name="pytest tests"><testsuite name="pytest" errors="0" failures="0" skipped="0" tests="9" time="20.300" timestamp="2026-08-05T12:41:15.149125+00:00" hostname="agent-env-12a195ec-6538-4363-ba33-61bbbe73c43c"><testcase classname="backend.tests.test_wisedemo_backend" name="test_health" time="0.236" /><testcase classname="backend.tests.test_wisedemo_backend" name="test_create_job_invalid_url[]" time="0.178" /><testcase classname="backend.tests.test_wisedemo_backend" name="test_create_job_invalid_url[   ]" time="0.175" /><testcase classname="backend.tests.test_wisedemo_backend" name="test_create_job_invalid_url[not a url]" time="0.126" /><testcase classname="backend.tests.test_wisedemo_backend" name="test_create_job_invalid_url[abc]" time="0.219" /><testcase classname="backend.tests.test_wisedemo_backend" name="test_create_job_valid_and_get" time="0.452" /><testcase classname="backend.tests.test_wisedemo_backend" name="test_get_unknown_job_404" time="7.922" /><testcase classname="backend.tests.test_wisedemo_backend" name="test_list_jobs" time="10.690" /><testcase classname="backend.tests.test_wisedemo_backend" name="test_video_before_ready_404" time="0.234" /></testsuite></testsuites>