<?xml version="1.0" encoding="utf-8"?><testsuites name="pytest tests"><testsuite name="pytest" errors="0" failures="0" skipped="0" tests="10" time="165.728" timestamp="2026-08-05T12:53:48.069472+00:00" hostname="agent-env-12a195ec-6538-4363-ba33-61bbbe73c43c"><testcase classname="tests.test_wisedemo_backend" name="test_health" time="0.198" /><testcase classname="tests.test_wisedemo_backend" name="test_create_job_invalid_url[]" time="0.121" /><testcase classname="tests.test_wisedemo_backend" name="test_create_job_invalid_url[   ]" time="0.106" /><testcase classname="tests.test_wisedemo_backend" name="test_create_job_invalid_url[not a url]" time="0.124" /><testcase classname="tests.test_wisedemo_backend" name="test_create_job_invalid_url[abc]" time="0.096" /><testcase classname="tests.test_wisedemo_backend" name="test_create_job_valid_and_get" time="0.232" /><testcase classname="tests.test_wisedemo_backend" name="test_get_unknown_job_404" time="0.107" /><testcase classname="tests.test_wisedemo_backend" name="test_list_jobs" time="0.115" /><testcase classname="tests.test_wisedemo_backend" name="test_video_before_ready_404" time="7.737" /><testcase classname="tests.test_wisedemo_backend" name="test_full_pipeline_e2e" time="156.840" /></testsuite></testsuites>