<?xml version="1.0" encoding="utf-8"?><testsuites name="pytest tests"><testsuite name="pytest" errors="0" failures="0" skipped="0" tests="7" time="7.847" timestamp="2026-08-05T13:16:59.784950+00:00" hostname="agent-env-12a195ec-6538-4363-ba33-61bbbe73c43c"><testcase classname="tests.test_wisedemo_resilience" name="test_health" time="0.368" /><testcase classname="tests.test_wisedemo_resilience" name="test_previously_stuck_job_now_failed" time="0.191" /><testcase classname="tests.test_wisedemo_resilience" name="test_startup_recovery_marks_orphan_failed" time="6.637" /><testcase classname="tests.test_wisedemo_resilience" name="test_stall_detection_on_read" time="0.133" /><testcase classname="tests.test_wisedemo_resilience" name="test_stall_detection_does_not_fail_fresh_job" time="0.132" /><testcase classname="tests.test_wisedemo_resilience" name="test_create_job_still_works" time="0.134" /><testcase classname="tests.test_wisedemo_resilience" name="test_list_jobs_newest_first_includes_failed" time="0.124" /></testsuite></testsuites>